# JRE version: Java(TM) SE Runtime Environment (8.0_202-b08) (build 1.8.0_202-b08)
# Java VM: Java HotSpot(TM) 64-Bit Server VM (25.202-b08 mixed mode windows-amd64 compressed oops)
Heap:
 PSYoungGen      total 318976K, used 237449K [0x000000076b400000, 0x0000000780380000, 0x00000007c0000000)
  eden space 302592K, 78% used [0x000000076b400000,0x0000000779be2468,0x000000077db80000)
  from space 16384K, 0% used [0x000000077f380000,0x000000077f380000,0x0000000780380000)
  to   space 20480K, 0% used [0x000000077db80000,0x000000077db80000,0x000000077ef80000)
 ParOldGen       total 174080K, used 23553K [0x00000006c1c00000, 0x00000006cc600000, 0x000000076b400000)
  object space 174080K, 13% used [0x00000006c1c00000,0x00000006c33005a8,0x00000006cc600000)
 Metaspace       used 70783K, capacity 74812K, committed 75008K, reserved 1114112K
  class space    used 9720K, capacity 10402K, committed 10496K, reserved 1048576K
GC Heap History (10 events):
Event: 4.428 GC heap before
{Heap before GC invocations=7 (full 1):
 PSYoungGen      total 135680K, used 23992K [0x000000076b400000, 0x0000000778d00000, 0x00000007c0000000)
  eden space 124928K, 10% used [0x000000076b400000,0x000000076c0f3288,0x0000000772e00000)
  from space 10752K, 99% used [0x0000000772e00000,0x000000077387adc0,0x0000000773880000)
  to   space 15360K, 0% used [0x0000000777e00000,0x0000000777e00000,0x0000000778d00000)
 ParOldGen       total 86528K, used 8710K [0x00000006c1c00000, 0x00000006c7080000, 0x000000076b400000)
  object space 86528K, 10% used [0x00000006c1c00000,0x00000006c2481b38,0x00000006c7080000)
 Metaspace       used 33435K, capacity 35386K, committed 35496K, reserved 1079296K
  class space    used 4404K, capacity 4780K, committed 4864K, reserved 1048576K
Event: 4.440 GC heap after
Heap after GC invocations=7 (full 1):
 PSYoungGen      total 207360K, used 9379K [0x000000076b400000, 0x0000000779d80000, 0x00000007c0000000)
  eden space 192000K, 0% used [0x000000076b400000,0x000000076b400000,0x0000000776f80000)
  from space 15360K, 61% used [0x0000000777e00000,0x0000000778728f78,0x0000000778d00000)
  to   space 14848K, 0% used [0x0000000776f80000,0x0000000776f80000,0x0000000777e00000)
 ParOldGen       total 86528K, used 8710K [0x00000006c1c00000, 0x00000006c7080000, 0x000000076b400000)
  object space 86528K, 10% used [0x00000006c1c00000,0x00000006c2481b38,0x00000006c7080000)
 Metaspace       used 33435K, capacity 35386K, committed 35496K, reserved 1079296K
  class space    used 4404K, capacity 4780K, committed 4864K, reserved 1048576K
}
Event: 4.440 GC heap before
{Heap before GC invocations=8 (full 2):
 PSYoungGen      total 207360K, used 9379K [0x000000076b400000, 0x0000000779d80000, 0x00000007c0000000)
  eden space 192000K, 0% used [0x000000076b400000,0x000000076b400000,0x0000000776f80000)
  from space 15360K, 61% used [0x0000000777e00000,0x0000000778728f78,0x0000000778d00000)
  to   space 14848K, 0% used [0x0000000776f80000,0x0000000776f80000,0x0000000777e00000)
 ParOldGen       total 86528K, used 8710K [0x00000006c1c00000, 0x00000006c7080000, 0x000000076b400000)
  object space 86528K, 10% used [0x00000006c1c00000,0x00000006c2481b38,0x00000006c7080000)
 Metaspace       used 33435K, capacity 35386K, committed 35496K, reserved 1079296K
  class space    used 4404K, capacity 4780K, committed 4864K, reserved 1048576K
Event: 4.491 GC heap after
Heap after GC invocations=8 (full 2):
 PSYoungGen      total 207360K, used 0K [0x000000076b400000, 0x0000000779d80000, 0x00000007c0000000)
  eden space 192000K, 0% used [0x000000076b400000,0x000000076b400000,0x0000000776f80000)
  from space 15360K, 0% used [0x0000000777e00000,0x0000000777e00000,0x0000000778d00000)
  to   space 14848K, 0% used [0x0000000776f80000,0x0000000776f80000,0x0000000777e00000)
 ParOldGen       total 125952K, used 13219K [0x00000006c1c00000, 0x00000006c9700000, 0x000000076b400000)
  object space 125952K, 10% used [0x00000006c1c00000,0x00000006c28e8c58,0x00000006c9700000)
 Metaspace       used 33435K, capacity 35386K, committed 35496K, reserved 1079296K
  class space    used 4404K, capacity 4780K, committed 4864K, reserved 1048576K
}
Event: 6.774 GC heap before
{Heap before GC invocations=9 (full 2):
 PSYoungGen      total 207360K, used 192000K [0x000000076b400000, 0x0000000779d80000, 0x00000007c0000000)
  eden space 192000K, 100% used [0x000000076b400000,0x0000000776f80000,0x0000000776f80000)
  from space 15360K, 0% used [0x0000000777e00000,0x0000000777e00000,0x0000000778d00000)
  to   space 14848K, 0% used [0x0000000776f80000,0x0000000776f80000,0x0000000777e00000)
 ParOldGen       total 125952K, used 13219K [0x00000006c1c00000, 0x00000006c9700000, 0x000000076b400000)
  object space 125952K, 10% used [0x00000006c1c00000,0x00000006c28e8c58,0x00000006c9700000)
 Metaspace       used 51637K, capacity 54170K, committed 54528K, reserved 1095680K
  class space    used 7113K, capacity 7591K, committed 7680K, reserved 1048576K
Event: 6.794 GC heap after
Heap after GC invocations=9 (full 2):
 PSYoungGen      total 206848K, used 14837K [0x000000076b400000, 0x0000000780780000, 0x00000007c0000000)
  eden space 192000K, 0% used [0x000000076b400000,0x000000076b400000,0x0000000776f80000)
  from space 14848K, 99% used [0x0000000776f80000,0x0000000777dfd420,0x0000000777e00000)
  to   space 20480K, 0% used [0x000000077f380000,0x000000077f380000,0x0000000780780000)
 ParOldGen       total 125952K, used 19939K [0x00000006c1c00000, 0x00000006c9700000, 0x000000076b400000)
  object space 125952K, 15% used [0x00000006c1c00000,0x00000006c2f78d00,0x00000006c9700000)
 Metaspace       used 51637K, capacity 54170K, committed 54528K, reserved 1095680K
  class space    used 7113K, capacity 7591K, committed 7680K, reserved 1048576K
}
Event: 7.706 GC heap before
{Heap before GC invocations=10 (full 2):
 PSYoungGen      total 206848K, used 61635K [0x000000076b400000, 0x0000000780780000, 0x00000007c0000000)
  eden space 192000K, 24% used [0x000000076b400000,0x000000076e1b3b70,0x0000000776f80000)
  from space 14848K, 99% used [0x0000000776f80000,0x0000000777dfd420,0x0000000777e00000)
  to   space 20480K, 0% used [0x000000077f380000,0x000000077f380000,0x0000000780780000)
 ParOldGen       total 125952K, used 19939K [0x00000006c1c00000, 0x00000006c9700000, 0x000000076b400000)
  object space 125952K, 15% used [0x00000006c1c00000,0x00000006c2f78d00,0x00000006c9700000)
 Metaspace       used 56053K, capacity 59060K, committed 59160K, reserved 1099776K
  class space    used 7737K, capacity 8268K, committed 8320K, reserved 1048576K
Event: 7.722 GC heap after
Heap after GC invocations=10 (full 2):
 PSYoungGen      total 318976K, used 12476K [0x000000076b400000, 0x0000000780380000, 0x00000007c0000000)
  eden space 302592K, 0% used [0x000000076b400000,0x000000076b400000,0x000000077db80000)
  from space 16384K, 76% used [0x000000077f380000,0x000000077ffaf380,0x0000000780380000)
  to   space 20480K, 0% used [0x000000077db80000,0x000000077db80000,0x000000077ef80000)
 ParOldGen       total 125952K, used 19947K [0x00000006c1c00000, 0x00000006c9700000, 0x000000076b400000)
  object space 125952K, 15% used [0x00000006c1c00000,0x00000006c2f7ad00,0x00000006c9700000)
 Metaspace       used 56053K, capacity 59060K, committed 59160K, reserved 1099776K
  class space    used 7737K, capacity 8268K, committed 8320K, reserved 1048576K
}
Event: 7.722 GC heap before
{Heap before GC invocations=11 (full 3):
 PSYoungGen      total 318976K, used 12476K [0x000000076b400000, 0x0000000780380000, 0x00000007c0000000)
  eden space 302592K, 0% used [0x000000076b400000,0x000000076b400000,0x000000077db80000)
  from space 16384K, 76% used [0x000000077f380000,0x000000077ffaf380,0x0000000780380000)
  to   space 20480K, 0% used [0x000000077db80000,0x000000077db80000,0x000000077ef80000)
 ParOldGen       total 125952K, used 19947K [0x00000006c1c00000, 0x00000006c9700000, 0x000000076b400000)
  object space 125952K, 15% used [0x00000006c1c00000,0x00000006c2f7ad00,0x00000006c9700000)
 Metaspace       used 56053K, capacity 59060K, committed 59160K, reserved 1099776K
  class space    used 7737K, capacity 8268K, committed 8320K, reserved 1048576K
Event: 7.870 GC heap after
Heap after GC invocations=11 (full 3):
 PSYoungGen      total 318976K, used 0K [0x000000076b400000, 0x0000000780380000, 0x00000007c0000000)
  eden space 302592K, 0% used [0x000000076b400000,0x000000076b400000,0x000000077db80000)
  from space 16384K, 0% used [0x000000077f380000,0x000000077f380000,0x0000000780380000)
  to   space 20480K, 0% used [0x000000077db80000,0x000000077db80000,0x000000077ef80000)
 ParOldGen       total 174080K, used 23553K [0x00000006c1c00000, 0x00000006cc600000, 0x000000076b400000)
  object space 174080K, 13% used [0x00000006c1c00000,0x00000006c33005a8,0x00000006cc600000)
 Metaspace       used 56053K, capacity 59060K, committed 59160K, reserved 1099776K
  class space    used 7737K, capacity 8268K, committed 8320K, reserved 1048576K
}

